Build started 25-11-2020 02:10:26.
     1>Project "F:\K-Means\LBG\LBG\LBG.vcxproj" on node 2 (build target(s)).
     1>InitializeBuildStatus:
         Creating "Debug\LBG.unsuccessfulbuild" because "AlwaysCreate" was specified.
       ClCompile:
         All outputs are up-to-date.
         C:\Program Files (x86)\Microsoft Visual Studio 10.0\VC\bin\CL.exe /c /ZI /nologo /W3 /WX- /Od /Oy- /D WIN32 /D _DEBUG /D _CONSOLE /D _UNICODE /D UNICODE /Gm /EHsc /RTC1 /MDd /GS /fp:precise /Zc:wchar_t /Zc:forScope /Yu"StdAfx.h" /Fp"Debug\LBG.pch" /Fo"Debug\\" /Fd"Debug\vc100.pdb" /Gd /TP /analyze- /errorReport:prompt LBG.cpp
         LBG.cpp
     1>f:\k-means\lbg\lbg\lbg.cpp(123): warning C4018: '<' : signed/unsigned mismatch
     1>f:\k-means\lbg\lbg\lbg.cpp(273): warning C4018: '<' : signed/unsigned mismatch
       ManifestResourceCompile:
         All outputs are up-to-date.
       Link:
         C:\Program Files (x86)\Microsoft Visual Studio 10.0\VC\bin\link.exe /ERRORREPORT:PROMPT /OUT:"F:\K-Means\LBG\Debug\LBG.exe" /INCREMENTAL /NOLOGO kernel32.lib user32.lib gdi32.lib winspool.lib comdlg32.lib advapi32.lib shell32.lib ole32.lib oleaut32.lib uuid.lib odbc32.lib odbccp32.lib /MANIFEST /ManifestFile:"Debug\LBG.exe.intermediate.manifest" /MANIFESTUAC:"level='asInvoker' uiAccess='false'" /DEBUG /PDB:"F:\K-Means\LBG\Debug\LBG.pdb" /SUBSYSTEM:CONSOLE /TLBID:1 /DYNAMICBASE /NXCOMPAT /IMPLIB:"F:\K-Means\LBG\Debug\LBG.lib" /MACHINE:X86 Debug\LBG.exe.embed.manifest.res
         Debug\LBG.obj
         Debug\stdafx.obj
       Manifest:
         C:\Program Files (x86)\Microsoft SDKs\Windows\v7.0A\bin\mt.exe /nologo /verbose /out:"Debug\LBG.exe.embed.manifest" /manifest Debug\LBG.exe.intermediate.manifest
         All outputs are up-to-date.
       LinkEmbedManifest:
         All outputs are up-to-date.
         LBG.vcxproj -> F:\K-Means\LBG\Debug\LBG.exe
       FinalizeBuildStatus:
         Deleting file "Debug\LBG.unsuccessfulbuild".
         Touching "Debug\LBG.lastbuildstate".
     1>Done Building Project "F:\K-Means\LBG\LBG\LBG.vcxproj" (build target(s)).

Build succeeded.

Time Elapsed 00:00:00.92
