Build started 04-11-2020 22:18:02.
     1>Project "F:\170101064_vowelRecognition\Vowel_recognition\Vowel_recognition\Vowel_recognition.vcxproj" on node 2 (build target(s)).
     1>PrepareForBuild:
         Creating directory "F:\170101064_vowelRecognition\Vowel_recognition\Debug\".
       InitializeBuildStatus:
         Creating "Debug\Vowel_recognition.unsuccessfulbuild" because "AlwaysCreate" was specified.
       ClCompile:
         All outputs are up-to-date.
         All outputs are up-to-date.
       ManifestResourceCompile:
         All outputs are up-to-date.
       Link:
         C:\Program Files (x86)\Microsoft Visual Studio 10.0\VC\bin\link.exe /ERRORREPORT:PROMPT /OUT:"F:\170101064_vowelRecognition\Vowel_recognition\Debug\Vowel_recognition.exe" /INCREMENTAL /NOLOGO kernel32.lib user32.lib gdi32.lib winspool.lib comdlg32.lib advapi32.lib shell32.lib ole32.lib oleaut32.lib uuid.lib odbc32.lib odbccp32.lib /MANIFEST /ManifestFile:"Debug\Vowel_recognition.exe.intermediate.manifest" /MANIFESTUAC:"level='asInvoker' uiAccess='false'" /DEBUG /PDB:"F:\170101064_vowelRecognition\Vowel_recognition\Debug\Vowel_recognition.pdb" /SUBSYSTEM:CONSOLE /TLBID:1 /DYNAMICBASE /NXCOMPAT /IMPLIB:"F:\170101064_vowelRecognition\Vowel_recognition\Debug\Vowel_recognition.lib" /MACHINE:X86 Debug\Vowel_recognition.exe.embed.manifest.res
         Debug\stdafx.obj
         Debug\Vowel_recognition.obj
       Manifest:
         C:\Program Files (x86)\Microsoft SDKs\Windows\v7.0A\bin\mt.exe /nologo /verbose /out:"Debug\Vowel_recognition.exe.embed.manifest" /manifest Debug\Vowel_recognition.exe.intermediate.manifest
         All outputs are up-to-date.
       LinkEmbedManifest:
         All outputs are up-to-date.
         Vowel_recognition.vcxproj -> F:\170101064_vowelRecognition\Vowel_recognition\Debug\Vowel_recognition.exe
       FinalizeBuildStatus:
         Deleting file "Debug\Vowel_recognition.unsuccessfulbuild".
         Touching "Debug\Vowel_recognition.lastbuildstate".
     1>Done Building Project "F:\170101064_vowelRecognition\Vowel_recognition\Vowel_recognition\Vowel_recognition.vcxproj" (build target(s)).

Build succeeded.

Time Elapsed 00:00:00.51
