F:\170101064_YES_NO\REAL_TIME_YES_NO_DETECTOR\DEBUG\YES_NO_DETECTOR.EXE
F:\170101064_YES_NO\REAL_TIME_YES_NO_DETECTOR\DEBUG\YES_NO_DETECTOR.ILK
F:\170101064_YES_NO\REAL_TIME_YES_NO_DETECTOR\DEBUG\YES_NO_DETECTOR.PDB
F:\170101064_yes_no\Real_Time_Yes_No_Detector\Yes_No_Detector\Debug\cl.command.1.tlog
F:\170101064_yes_no\Real_Time_Yes_No_Detector\Yes_No_Detector\Debug\CL.read.1.tlog
F:\170101064_yes_no\Real_Time_Yes_No_Detector\Yes_No_Detector\Debug\CL.write.1.tlog
F:\170101064_yes_no\Real_Time_Yes_No_Detector\Yes_No_Detector\Debug\link.2984.read.1.tlog
F:\170101064_yes_no\Real_Time_Yes_No_Detector\Yes_No_Detector\Debug\link.2984.write.1.tlog
F:\170101064_yes_no\Real_Time_Yes_No_Detector\Yes_No_Detector\Debug\link.2984-cvtres.read.1.tlog
F:\170101064_yes_no\Real_Time_Yes_No_Detector\Yes_No_Detector\Debug\link.2984-cvtres.write.1.tlog
F:\170101064_yes_no\Real_Time_Yes_No_Detector\Yes_No_Detector\Debug\link.command.1.tlog
F:\170101064_yes_no\Real_Time_Yes_No_Detector\Yes_No_Detector\Debug\link.read.1.tlog
F:\170101064_yes_no\Real_Time_Yes_No_Detector\Yes_No_Detector\Debug\link.write.1.tlog
F:\170101064_yes_no\Real_Time_Yes_No_Detector\Yes_No_Detector\Debug\link-cvtres.read.1.tlog
F:\170101064_yes_no\Real_Time_Yes_No_Detector\Yes_No_Detector\Debug\link-cvtres.write.1.tlog
F:\170101064_yes_no\Real_Time_Yes_No_Detector\Yes_No_Detector\Debug\mt.command.1.tlog
F:\170101064_yes_no\Real_Time_Yes_No_Detector\Yes_No_Detector\Debug\mt.read.1.tlog
F:\170101064_yes_no\Real_Time_Yes_No_Detector\Yes_No_Detector\Debug\mt.write.1.tlog
F:\170101064_yes_no\Real_Time_Yes_No_Detector\Yes_No_Detector\Debug\rc.command.1.tlog
F:\170101064_yes_no\Real_Time_Yes_No_Detector\Yes_No_Detector\Debug\rc.read.1.tlog
F:\170101064_yes_no\Real_Time_Yes_No_Detector\Yes_No_Detector\Debug\rc.write.1.tlog
F:\170101064_YES_NO\REAL_TIME_YES_NO_DETECTOR\YES_NO_DETECTOR\DEBUG\STDAFX.OBJ
F:\170101064_yes_no\Real_Time_Yes_No_Detector\Yes_No_Detector\Debug\vc100.idb
F:\170101064_YES_NO\REAL_TIME_YES_NO_DETECTOR\YES_NO_DETECTOR\DEBUG\VC100.PDB
F:\170101064_YES_NO\REAL_TIME_YES_NO_DETECTOR\YES_NO_DETECTOR\DEBUG\YES_NO_DETECTOR.EXE.EMBED.MANIFEST
F:\170101064_YES_NO\REAL_TIME_YES_NO_DETECTOR\YES_NO_DETECTOR\DEBUG\YES_NO_DETECTOR.EXE.EMBED.MANIFEST.RES
F:\170101064_YES_NO\REAL_TIME_YES_NO_DETECTOR\YES_NO_DETECTOR\DEBUG\YES_NO_DETECTOR.EXE.INTERMEDIATE.MANIFEST
F:\170101064_YES_NO\REAL_TIME_YES_NO_DETECTOR\YES_NO_DETECTOR\DEBUG\YES_NO_DETECTOR.OBJ
F:\170101064_YES_NO\REAL_TIME_YES_NO_DETECTOR\YES_NO_DETECTOR\DEBUG\YES_NO_DETECTOR.PCH
F:\170101064_yes_no\Real_Time_Yes_No_Detector\Yes_No_Detector\Debug\Yes_No_Detector.write.1.tlog
F:\170101064_yes_no\Real_Time_Yes_No_Detector\Yes_No_Detector\Debug\Yes_No_Detector_manifest.rc
