Build started 16-10-2020 20:39:39.
     1>Project "F:\170101064_yes_no\Real_Time_Yes_No_Detector\Yes_No_Detector\Yes_No_Detector.vcxproj" on node 2 (rebuild target(s)).
     1>_PrepareForClean:
         Deleting file "Debug\Yes_No_Detector.lastbuildstate".
       InitializeBuildStatus:
         Creating "Debug\Yes_No_Detector.unsuccessfulbuild" because "AlwaysCreate" was specified.
       ClCompile:
         C:\Program Files (x86)\Microsoft Visual Studio 10.0\VC\bin\CL.exe /c /ZI /nologo /W3 /WX- /Od /Oy- /D WIN32 /D _DEBUG /D _CONSOLE /D _UNICODE /D UNICODE /Gm /EHsc /RTC1 /MDd /GS /fp:precise /Zc:wchar_t /Zc:forScope /Yc"StdAfx.h" /Fp"Debug\Yes_No_Detector.pch" /Fo"Debug\\" /Fd"Debug\vc100.pdb" /Gd /TP /analyze- /errorReport:prompt stdafx.cpp
         stdafx.cpp
         C:\Program Files (x86)\Microsoft Visual Studio 10.0\VC\bin\CL.exe /c /ZI /nologo /W3 /WX- /Od /Oy- /D WIN32 /D _DEBUG /D _CONSOLE /D _UNICODE /D UNICODE /Gm /EHsc /RTC1 /MDd /GS /fp:precise /Zc:wchar_t /Zc:forScope /Yu"StdAfx.h" /Fp"Debug\Yes_No_Detector.pch" /Fo"Debug\\" /Fd"Debug\vc100.pdb" /Gd /TP /analyze- /errorReport:prompt Yes_No_Detector.cpp
         Yes_No_Detector.cpp
       ManifestResourceCompile:
         C:\Program Files (x86)\Microsoft SDKs\Windows\v7.0A\bin\rc.exe /nologo /fo"Debug\Yes_No_Detector.exe.embed.manifest.res" Debug\Yes_No_Detector_manifest.rc 
       Link:
         C:\Program Files (x86)\Microsoft Visual Studio 10.0\VC\bin\link.exe /ERRORREPORT:PROMPT /OUT:"F:\170101064_yes_no\Real_Time_Yes_No_Detector\Debug\Yes_No_Detector.exe" /INCREMENTAL /NOLOGO kernel32.lib user32.lib gdi32.lib winspool.lib comdlg32.lib advapi32.lib shell32.lib ole32.lib oleaut32.lib uuid.lib odbc32.lib odbccp32.lib /MANIFEST /ManifestFile:"Debug\Yes_No_Detector.exe.intermediate.manifest" /MANIFESTUAC:"level='asInvoker' uiAccess='false'" /DEBUG /PDB:"F:\170101064_yes_no\Real_Time_Yes_No_Detector\Debug\Yes_No_Detector.pdb" /SUBSYSTEM:CONSOLE /TLBID:1 /DYNAMICBASE /NXCOMPAT /IMPLIB:"F:\170101064_yes_no\Real_Time_Yes_No_Detector\Debug\Yes_No_Detector.lib" /MACHINE:X86 Debug\Yes_No_Detector.exe.embed.manifest.res
         Debug\stdafx.obj
         Debug\Yes_No_Detector.obj
       Manifest:
         Deleting file "Debug\Yes_No_Detector.exe.embed.manifest".
         C:\Program Files (x86)\Microsoft SDKs\Windows\v7.0A\bin\mt.exe /nologo /verbose /out:"Debug\Yes_No_Detector.exe.embed.manifest" /manifest Debug\Yes_No_Detector.exe.intermediate.manifest
         C:\Program Files (x86)\Microsoft SDKs\Windows\v7.0A\bin\rc.exe /nologo /fo"Debug\Yes_No_Detector.exe.embed.manifest.res" Debug\Yes_No_Detector_manifest.rc 
       LinkEmbedManifest:
         C:\Program Files (x86)\Microsoft Visual Studio 10.0\VC\bin\link.exe /ERRORREPORT:PROMPT /OUT:"F:\170101064_yes_no\Real_Time_Yes_No_Detector\Debug\Yes_No_Detector.exe" /INCREMENTAL /NOLOGO kernel32.lib user32.lib gdi32.lib winspool.lib comdlg32.lib advapi32.lib shell32.lib ole32.lib oleaut32.lib uuid.lib odbc32.lib odbccp32.lib /MANIFEST /ManifestFile:"Debug\Yes_No_Detector.exe.intermediate.manifest" /MANIFESTUAC:"level='asInvoker' uiAccess='false'" /DEBUG /PDB:"F:\170101064_yes_no\Real_Time_Yes_No_Detector\Debug\Yes_No_Detector.pdb" /SUBSYSTEM:CONSOLE /TLBID:1 /DYNAMICBASE /NXCOMPAT /IMPLIB:"F:\170101064_yes_no\Real_Time_Yes_No_Detector\Debug\Yes_No_Detector.lib" /MACHINE:X86 Debug\Yes_No_Detector.exe.embed.manifest.res
         Debug\stdafx.obj
         Debug\Yes_No_Detector.obj
         Yes_No_Detector.vcxproj -> F:\170101064_yes_no\Real_Time_Yes_No_Detector\Debug\Yes_No_Detector.exe
       FinalizeBuildStatus:
         Deleting file "Debug\Yes_No_Detector.unsuccessfulbuild".
         Touching "Debug\Yes_No_Detector.lastbuildstate".
     1>Done Building Project "F:\170101064_yes_no\Real_Time_Yes_No_Detector\Yes_No_Detector\Yes_No_Detector.vcxproj" (rebuild target(s)).

Build succeeded.

Time Elapsed 00:00:04.22
