Build started 25-09-2020 14:49:27.
     1>Project "H:\Visual studio\Yes_No_Detector\Yes_No_Detector\Yes_No_Detector.vcxproj" on node 2 (build target(s)).
     1>InitializeBuildStatus:
         Creating "Debug\Yes_No_Detector.unsuccessfulbuild" because "AlwaysCreate" was specified.
       ClCompile:
         All outputs are up-to-date.
         C:\Program Files (x86)\Microsoft Visual Studio 10.0\VC\bin\CL.exe /c /ZI /nologo /W3 /WX- /Od /Oy- /D WIN32 /D _DEBUG /D _CONSOLE /D _UNICODE /D UNICODE /Gm /EHsc /RTC1 /MDd /GS /fp:precise /Zc:wchar_t /Zc:forScope /Yu"StdAfx.h" /Fp"Debug\Yes_No_Detector.pch" /Fo"Debug\\" /Fd"Debug\vc100.pdb" /Gd /TP /analyze- /errorReport:prompt Yes_No_Detector.cpp
         Yes_No_Detector.cpp
       ManifestResourceCompile:
         All outputs are up-to-date.
       Link:
         C:\Program Files (x86)\Microsoft Visual Studio 10.0\VC\bin\link.exe /ERRORREPORT:PROMPT /OUT:"H:\Visual studio\Yes_No_Detector\Debug\Yes_No_Detector.exe" /INCREMENTAL /NOLOGO kernel32.lib user32.lib gdi32.lib winspool.lib comdlg32.lib advapi32.lib shell32.lib ole32.lib oleaut32.lib uuid.lib odbc32.lib odbccp32.lib /MANIFEST /ManifestFile:"Debug\Yes_No_Detector.exe.intermediate.manifest" /MANIFESTUAC:"level='asInvoker' uiAccess='false'" /DEBUG /PDB:"H:\Visual studio\Yes_No_Detector\Debug\Yes_No_Detector.pdb" /SUBSYSTEM:CONSOLE /TLBID:1 /DYNAMICBASE /NXCOMPAT /IMPLIB:"H:\Visual studio\Yes_No_Detector\Debug\Yes_No_Detector.lib" /MACHINE:X86 Debug\Yes_No_Detector.exe.embed.manifest.res
         Debug\stdafx.obj
         Debug\Yes_No_Detector.obj
       Manifest:
         C:\Program Files (x86)\Microsoft SDKs\Windows\v7.0A\bin\mt.exe /nologo /verbose /out:"Debug\Yes_No_Detector.exe.embed.manifest" /manifest Debug\Yes_No_Detector.exe.intermediate.manifest
         All outputs are up-to-date.
       LinkEmbedManifest:
         All outputs are up-to-date.
         Yes_No_Detector.vcxproj -> H:\Visual studio\Yes_No_Detector\Debug\Yes_No_Detector.exe
       FinalizeBuildStatus:
         Deleting file "Debug\Yes_No_Detector.unsuccessfulbuild".
         Touching "Debug\Yes_No_Detector.lastbuildstate".
     1>Done Building Project "H:\Visual studio\Yes_No_Detector\Yes_No_Detector\Yes_No_Detector.vcxproj" (build target(s)).

Build succeeded.

Time Elapsed 00:00:00.84
