F:\K-MEANS\K-MEANS\DEBUG\K-MEANS.EXE
F:\K-MEANS\K-MEANS\DEBUG\K-MEANS.ILK
F:\K-MEANS\K-MEANS\DEBUG\K-MEANS.PDB
F:\K-Means\k-means\k-means\Debug\cl.command.1.tlog
F:\K-Means\k-means\k-means\Debug\CL.read.1.tlog
F:\K-Means\k-means\k-means\Debug\CL.write.1.tlog
F:\K-MEANS\K-MEANS\K-MEANS\DEBUG\K-MEANS.EXE.EMBED.MANIFEST
F:\K-MEANS\K-MEANS\K-MEANS\DEBUG\K-MEANS.EXE.EMBED.MANIFEST.RES
F:\K-MEANS\K-MEANS\K-MEANS\DEBUG\K-MEANS.EXE.INTERMEDIATE.MANIFEST
F:\K-MEANS\K-MEANS\K-MEANS\DEBUG\K-MEANS.OBJ
F:\K-MEANS\K-MEANS\K-MEANS\DEBUG\K-MEANS.PCH
F:\K-Means\k-means\k-means\Debug\k-means.write.1.tlog
F:\K-Means\k-means\k-means\Debug\k-means_manifest.rc
F:\K-Means\k-means\k-means\Debug\link.3868.read.1.tlog
F:\K-Means\k-means\k-means\Debug\link.3868.write.1.tlog
F:\K-Means\k-means\k-means\Debug\link.3868-cvtres.read.1.tlog
F:\K-Means\k-means\k-means\Debug\link.3868-cvtres.write.1.tlog
F:\K-Means\k-means\k-means\Debug\link.command.1.tlog
F:\K-Means\k-means\k-means\Debug\link.read.1.tlog
F:\K-Means\k-means\k-means\Debug\link.write.1.tlog
F:\K-Means\k-means\k-means\Debug\link-cvtres.read.1.tlog
F:\K-Means\k-means\k-means\Debug\link-cvtres.write.1.tlog
F:\K-Means\k-means\k-means\Debug\mt.command.1.tlog
F:\K-Means\k-means\k-means\Debug\mt.read.1.tlog
F:\K-Means\k-means\k-means\Debug\mt.write.1.tlog
F:\K-Means\k-means\k-means\Debug\rc.command.1.tlog
F:\K-Means\k-means\k-means\Debug\rc.read.1.tlog
F:\K-Means\k-means\k-means\Debug\rc.write.1.tlog
F:\K-MEANS\K-MEANS\K-MEANS\DEBUG\STDAFX.OBJ
F:\K-Means\k-means\k-means\Debug\vc100.idb
F:\K-MEANS\K-MEANS\K-MEANS\DEBUG\VC100.PDB
