Build started 25-11-2020 02:08:58.
     1>Project "F:\K-Means\k-means\k-means\k-means.vcxproj" on node 2 (build target(s)).
     1>InitializeBuildStatus:
         Touching "Debug\k-means.unsuccessfulbuild".
       ClCompile:
         All outputs are up-to-date.
         C:\Program Files (x86)\Microsoft Visual Studio 10.0\VC\bin\CL.exe /c /ZI /nologo /W3 /WX- /Od /Oy- /D WIN32 /D _DEBUG /D _CONSOLE /D _UNICODE /D UNICODE /Gm /EHsc /RTC1 /MDd /GS /fp:precise /Zc:wchar_t /Zc:forScope /Yu"StdAfx.h" /Fp"Debug\k-means.pch" /Fo"Debug\\" /Fd"Debug\vc100.pdb" /Gd /TP /analyze- /errorReport:prompt "k-means.cpp"
         k-means.cpp
     1>f:\k-means\k-means\k-means\k-means.cpp(79): warning C4244: 'argument' : conversion from 'time_t' to 'unsigned int', possible loss of data
     1>f:\k-means\k-means\k-means\k-means.cpp(93): warning C4018: '<' : signed/unsigned mismatch
       ManifestResourceCompile:
         All outputs are up-to-date.
       Link:
         C:\Program Files (x86)\Microsoft Visual Studio 10.0\VC\bin\link.exe /ERRORREPORT:PROMPT /OUT:"F:\K-Means\k-means\Debug\k-means.exe" /INCREMENTAL /NOLOGO kernel32.lib user32.lib gdi32.lib winspool.lib comdlg32.lib advapi32.lib shell32.lib ole32.lib oleaut32.lib uuid.lib odbc32.lib odbccp32.lib /MANIFEST /ManifestFile:"Debug\k-means.exe.intermediate.manifest" /MANIFESTUAC:"level='asInvoker' uiAccess='false'" /DEBUG /PDB:"F:\K-Means\k-means\Debug\k-means.pdb" /SUBSYSTEM:CONSOLE /TLBID:1 /DYNAMICBASE /NXCOMPAT /IMPLIB:"F:\K-Means\k-means\Debug\k-means.lib" /MACHINE:X86 "Debug\k-means.exe.embed.manifest.res"
         "Debug\k-means.obj"
         Debug\stdafx.obj
       Manifest:
         C:\Program Files (x86)\Microsoft SDKs\Windows\v7.0A\bin\mt.exe /nologo /verbose /out:"Debug\k-means.exe.embed.manifest" /manifest "Debug\k-means.exe.intermediate.manifest"
         All outputs are up-to-date.
       LinkEmbedManifest:
         All outputs are up-to-date.
         k-means.vcxproj -> F:\K-Means\k-means\Debug\k-means.exe
       FinalizeBuildStatus:
         Deleting file "Debug\k-means.unsuccessfulbuild".
         Touching "Debug\k-means.lastbuildstate".
     1>Done Building Project "F:\K-Means\k-means\k-means\k-means.vcxproj" (build target(s)).

Build succeeded.

Time Elapsed 00:00:00.99
